/var/spool/slurmd/job02662/slurm_script: line 16: /home/ytia0661@acfr.usyd.edu.au/miniconda3/etc/profile.d/conda.sh: No such file or directory
/var/spool/slurmd/job02662/slurm_script: line 17: /home/ytia0661@acfr.usyd.edu.au/miniconda3/bin/conda: No such file or directory

CondaError: Run 'conda init' before 'conda activate'

wandb: Currently logged in as: ytia0661 (ytia0661-the-university-of-sydney). Use `wandb login --relogin` to force relogin
wandb: Appending key for api.wandb.ai to your netrc file: /home/ytia0661@acfr.usyd.edu.au/.netrc
wandb: Currently logged in as: ytia0661 (visual-intelligence-laboratory). Use `wandb login --relogin` to force relogin
wandb: Using wandb-core as the SDK backend.  Please refer to https://wandb.me/wandb-core for more information.
wandb: Tracking run with wandb version 0.19.2
wandb: Run data is saved locally in /home/ytia0661@acfr.usyd.edu.au/PycharmProjects/MAE/mae/wandb/run-20250221_164036-gant2s9d
wandb: Run `wandb offline` to turn off syncing.
wandb: Syncing run MAE_imagenette_bs256_epoch600_withevaluate
wandb: ⭐️ View project at https://wandb.ai/visual-intelligence-laboratory/MInM
wandb: 🚀 View run at https://wandb.ai/visual-intelligence-laboratory/MInM/runs/gant2s9d
Traceback (most recent call last):
  File "/home/ytia0661@acfr.usyd.edu.au/PycharmProjects/MAE/mae/trainwandb6.py", line 256, in <module>
    main(args)
  File "/home/ytia0661@acfr.usyd.edu.au/PycharmProjects/MAE/mae/trainwandb6.py", line 117, in main
    misc.init_distributed_mode(args)
  File "/home/ytia0661@acfr.usyd.edu.au/PycharmProjects/MAE/mae/util/misc.py", line 245, in init_distributed_mode
    torch.cuda.set_device(args.gpu)
  File "/home/ytia0661@acfr.usyd.edu.au/anaconda3/envs/gpupytorch/lib/python3.12/site-packages/torch/cuda/__init__.py", line 399, in set_device
    torch._C._cuda_setDevice(device)
    ^^^^^^^^^^^^^^^^^^^^^^^^
AttributeError: module 'torch._C' has no attribute '_cuda_setDevice'
E0221 16:40:47.429000 138566135420736 torch/distributed/elastic/multiprocessing/api.py:826] failed (exitcode: 1) local_rank: 0 (pid: 182605) of binary: /home/ytia0661@acfr.usyd.edu.au/anaconda3/envs/gpupytorch/bin/python
Traceback (most recent call last):
  File "/home/ytia0661@acfr.usyd.edu.au/anaconda3/envs/gpupytorch/bin/torchrun", line 10, in <module>
    sys.exit(main())
             ^^^^^^
  File "/home/ytia0661@acfr.usyd.edu.au/anaconda3/envs/gpupytorch/lib/python3.12/site-packages/torch/distributed/elastic/multiprocessing/errors/__init__.py", line 347, in wrapper
    return f(*args, **kwargs)
           ^^^^^^^^^^^^^^^^^^
  File "/home/ytia0661@acfr.usyd.edu.au/anaconda3/envs/gpupytorch/lib/python3.12/site-packages/torch/distributed/run.py", line 879, in main
    run(args)
  File "/home/ytia0661@acfr.usyd.edu.au/anaconda3/envs/gpupytorch/lib/python3.12/site-packages/torch/distributed/run.py", line 870, in run
    elastic_launch(
  File "/home/ytia0661@acfr.usyd.edu.au/anaconda3/envs/gpupytorch/lib/python3.12/site-packages/torch/distributed/launcher/api.py", line 132, in __call__
    return launch_agent(self._config, self._entrypoint, list(args))
           ^^^^^^^^^^^^^^^^^^^^^^^^^^^^^^^^^^^^^^^^^^^^^^^^^^^^^^^^
  File "/home/ytia0661@acfr.usyd.edu.au/anaconda3/envs/gpupytorch/lib/python3.12/site-packages/torch/distributed/launcher/api.py", line 263, in launch_agent
    raise ChildFailedError(
torch.distributed.elastic.multiprocessing.errors.ChildFailedError: 
============================================================
trainwandb6.py FAILED
------------------------------------------------------------
Failures:
  <NO_OTHER_FAILURES>
------------------------------------------------------------
Root Cause (first observed failure):
[0]:
  time      : 2025-02-21_16:40:47
  host      : blc37-j04-1.acfr.usyd.edu.au
  rank      : 0 (local_rank: 0)
  exitcode  : 1 (pid: 182605)
  error_file: <N/A>
  traceback : To enable traceback see: https://pytorch.org/docs/stable/elastic/errors.html
============================================================
