/var/spool/slurmd/job02351/slurm_script: line 16: /home/ytia0661@acfr.usyd.edu.au/miniconda3/etc/profile.d/conda.sh: No such file or directory
/var/spool/slurmd/job02351/slurm_script: line 17: /home/ytia0661@acfr.usyd.edu.au/miniconda3/bin/conda: No such file or directory

CondaError: Run 'conda init' before 'conda activate'

wandb: Currently logged in as: ytia0661 (ytia0661-the-university-of-sydney). Use `wandb login --relogin` to force relogin
wandb: Appending key for api.wandb.ai to your netrc file: /home/ytia0661@acfr.usyd.edu.au/.netrc
wandb: Currently logged in as: ytia0661 (visual-intelligence-laboratory). Use `wandb login --relogin` to force relogin
wandb: Using wandb-core as the SDK backend.  Please refer to https://wandb.me/wandb-core for more information.
wandb: Tracking run with wandb version 0.19.2
wandb: Run data is saved locally in /home/ytia0661@acfr.usyd.edu.au/PycharmProjects/MAE/mae/wandb/run-20250122_211139-ya0vard3
wandb: Run `wandb offline` to turn off syncing.
wandb: Syncing run MAE_imagenette_bs64_epoch400_withevaluate
wandb: ⭐️ View project at https://wandb.ai/visual-intelligence-laboratory/MInM
wandb: 🚀 View run at https://wandb.ai/visual-intelligence-laboratory/MInM/runs/ya0vard3
[rank0]:[W122 21:11:40.043487097 ProcessGroupNCCL.cpp:4115] [PG ID 0 PG GUID 0 Rank 0]  using GPU 0 to perform barrier as devices used by this process are currently unknown. This can potentially cause a hang if this rank to GPU mapping is incorrect.Specify device_ids in barrier() to force use of a particular device,or call init_process_group() with a device_id.
/home/ytia0661@acfr.usyd.edu.au/anaconda3/envs/gpupytorch/lib/python3.12/site-packages/torch/utils/data/dataloader.py:617: UserWarning: This DataLoader will create 10 worker processes in total. Our suggested max number of worker in current system is 8, which is smaller than what this DataLoader is going to create. Please be aware that excessive worker creation might get DataLoader running slow or even freeze, lower the worker number to avoid potential slowness/freeze if necessary.
  warnings.warn(
/home/ytia0661@acfr.usyd.edu.au/PycharmProjects/MAE/mae/util/misc.py:259: FutureWarning: `torch.cuda.amp.GradScaler(args...)` is deprecated. Please use `torch.amp.GradScaler('cuda', args...)` instead.
  self._scaler = torch.cuda.amp.GradScaler()
/home/ytia0661@acfr.usyd.edu.au/PycharmProjects/MAE/mae/engine_pretrain.py:47: FutureWarning: `torch.cuda.amp.autocast(args...)` is deprecated. Please use `torch.amp.autocast('cuda', args...)` instead.
  with torch.cuda.amp.autocast():
[rank0]:[W122 21:11:49.387786054 reducer.cpp:1400] Warning: find_unused_parameters=True was specified in DDP constructor, but did not find any unused parameters in the forward pass. This flag results in an extra traversal of the autograd graph every iteration,  which can adversely affect performance. If your model indeed never has any unused parameters in the forward pass, consider turning this flag off. Note that this warning may be a false positive if your model has flow control causing later iterations to have unused parameters. (function operator())
/home/ytia0661@acfr.usyd.edu.au/PycharmProjects/MAE/mae/engine_probing.py:192: FutureWarning: You are using `torch.load` with `weights_only=False` (the current default value), which uses the default pickle module implicitly. It is possible to construct malicious pickle data which will execute arbitrary code during unpickling (See https://github.com/pytorch/pytorch/blob/main/SECURITY.md#untrusted-models for more details). In a future release, the default value for `weights_only` will be flipped to `True`. This limits the functions that could be executed during unpickling. Arbitrary objects will no longer be allowed to be loaded via this mode unless they are explicitly allowlisted by the user via `torch.serialization.add_safe_globals`. We recommend you start setting `weights_only=True` for any use case where you don't have full control of the loaded file. Please open an issue on GitHub for any issues related to this experimental feature.
  checkpoint = torch.load(model_path)
/home/ytia0661@acfr.usyd.edu.au/PycharmProjects/MAE/mae/engine_finetune.py:55: FutureWarning: `torch.cuda.amp.autocast(args...)` is deprecated. Please use `torch.amp.autocast('cuda', args...)` instead.
  with torch.cuda.amp.autocast():
/home/ytia0661@acfr.usyd.edu.au/PycharmProjects/MAE/mae/engine_finetune.py:115: FutureWarning: `torch.cuda.amp.autocast(args...)` is deprecated. Please use `torch.amp.autocast('cuda', args...)` instead.
  with torch.cuda.amp.autocast():
wandb: uploading console lines 105280-105309; uploading output.log; uploading wandb-summary.json
wandb: uploading output.log; uploading output_dir/best_acc.pth
wandb: uploading output_dir/best_acc.pth
wandb: uploading output_dir/best_acc.pth; uploading history steps 480-481, summary, console lines 105310-105320
wandb: uploading output_dir/best_acc.pth
wandb: uploading output_dir/best_acc.pth; uploading data
wandb: uploading output_dir/best_acc.pth
wandb: uploading output_dir/best_acc.pth; uploading data
wandb: uploading output_dir/best_acc.pth
wandb: uploading output_dir/best_acc.pth; uploading data
wandb: uploading output_dir/best_acc.pth
wandb: uploading output_dir/best_acc.pth; uploading data
wandb: uploading output_dir/best_acc.pth
wandb: uploading data
wandb:                                                                                
wandb: 
wandb: Run history:
wandb:       best_accuracy ▁▂▁▂▂▃▄▄▄▄▄▄▅▅▅▆▆▅▆▆▆▆▆▆▇▇▇▇▇█▇▇███▇████
wandb:               epoch ▁▁▁▁▁▂▂▂▂▂▂▃▃▃▃▄▄▄▄▄▅▅▆▆▆▆▆▆▆▆▇▇▇▇▇▇████
wandb:       learning_rate ▄▇▇█████████▇▇▇▆▆▆▆▆▆▆▅▅▅▄▄▃▃▃▂▂▂▁▁▁▁▁▁▁
wandb: total_training_time ▁
wandb:          train_loss █▄▂▂▂▂▂▂▁▁▁▁▁▁▁▁▁▁▁▁▁▁▁▁▁▁▁▁▁▁▁▁▁▁▁▁▁▁▁▁
wandb: 
wandb: Run summary:
wandb:       best_accuracy 68.0
wandb:               epoch 399
wandb:       learning_rate 0.0
wandb: total_training_time 56884.30243
wandb:          train_loss 0.34736
wandb: 
wandb: 🚀 View run MAE_imagenette_bs64_epoch400_withevaluate at: https://wandb.ai/visual-intelligence-laboratory/MInM/runs/ya0vard3
wandb: ⭐️ View project at: https://wandb.ai/visual-intelligence-laboratory/MInM
wandb: Synced 5 W&B file(s), 0 media file(s), 0 artifact file(s) and 1 other file(s)
wandb: Find logs at: ./wandb/run-20250122_211139-ya0vard3/logs
[rank0]:[W123 13:02:28.523589516 ProcessGroupNCCL.cpp:1250] Warning: WARNING: process group has NOT been destroyed before we destruct ProcessGroupNCCL. On normal program exit, the application should call destroy_process_group to ensure that any pending NCCL operations have finished in this process. In rare cases this process can exit before this point and block the progress of another member of the process group. This constraint has always been present,  but this warning has only been added since PyTorch 2.4 (function operator())
