/var/spool/slurmd/job02680/slurm_script: line 16: /home/ytia0661@acfr.usyd.edu.au/miniconda3/etc/profile.d/conda.sh: No such file or directory
/var/spool/slurmd/job02680/slurm_script: line 17: /home/ytia0661@acfr.usyd.edu.au/miniconda3/bin/conda: No such file or directory

CondaError: Run 'conda init' before 'conda activate'

Traceback (most recent call last):
  File "/home/ytia0661@acfr.usyd.edu.au/PycharmProjects/MAE/mae/trainwandb8.py", line 24, in <module>
    from PIL import Image
ModuleNotFoundError: No module named 'PIL'
E0223 23:47:07.760000 352738 site-packages/torch/distributed/elastic/multiprocessing/api.py:869] failed (exitcode: 1) local_rank: 0 (pid: 352761) of binary: /home/ytia0661@acfr.usyd.edu.au/anaconda3/envs/gpupytorch/bin/python
Traceback (most recent call last):
  File "/home/ytia0661@acfr.usyd.edu.au/anaconda3/envs/gpupytorch/bin/torchrun", line 8, in <module>
    sys.exit(main())
             ^^^^^^
  File "/home/ytia0661@acfr.usyd.edu.au/anaconda3/envs/gpupytorch/lib/python3.11/site-packages/torch/distributed/elastic/multiprocessing/errors/__init__.py", line 355, in wrapper
    return f(*args, **kwargs)
           ^^^^^^^^^^^^^^^^^^
  File "/home/ytia0661@acfr.usyd.edu.au/anaconda3/envs/gpupytorch/lib/python3.11/site-packages/torch/distributed/run.py", line 918, in main
    run(args)
  File "/home/ytia0661@acfr.usyd.edu.au/anaconda3/envs/gpupytorch/lib/python3.11/site-packages/torch/distributed/run.py", line 909, in run
    elastic_launch(
  File "/home/ytia0661@acfr.usyd.edu.au/anaconda3/envs/gpupytorch/lib/python3.11/site-packages/torch/distributed/launcher/api.py", line 138, in __call__
    return launch_agent(self._config, self._entrypoint, list(args))
           ^^^^^^^^^^^^^^^^^^^^^^^^^^^^^^^^^^^^^^^^^^^^^^^^^^^^^^^^
  File "/home/ytia0661@acfr.usyd.edu.au/anaconda3/envs/gpupytorch/lib/python3.11/site-packages/torch/distributed/launcher/api.py", line 269, in launch_agent
    raise ChildFailedError(
torch.distributed.elastic.multiprocessing.errors.ChildFailedError: 
============================================================
trainwandb8.py FAILED
------------------------------------------------------------
Failures:
  <NO_OTHER_FAILURES>
------------------------------------------------------------
Root Cause (first observed failure):
[0]:
  time      : 2025-02-23_23:47:07
  host      : blc37-j04-1.acfr.usyd.edu.au
  rank      : 0 (local_rank: 0)
  exitcode  : 1 (pid: 352761)
  error_file: <N/A>
  traceback : To enable traceback see: https://pytorch.org/docs/stable/elastic/errors.html
============================================================
