/var/spool/slurmd/job02703/slurm_script: line 16: /home/ytia0661@acfr.usyd.edu.au/miniconda3/etc/profile.d/conda.sh: No such file or directory
/var/spool/slurmd/job02703/slurm_script: line 17: /home/ytia0661@acfr.usyd.edu.au/miniconda3/bin/conda: No such file or directory

CondaError: Run 'conda init' before 'conda activate'

wandb: Using wandb-core as the SDK backend.  Please refer to https://wandb.me/wandb-core for more information.
wandb: Appending key for api.wandb.ai to your netrc file: /home/ytia0661@acfr.usyd.edu.au/.netrc
wandb: Currently logged in as: ytia0661 (ytia0661-the-university-of-sydney) to https://api.wandb.ai. Use `wandb login --relogin` to force relogin
wandb: Tracking run with wandb version 0.19.7.dev1
wandb: Run data is saved locally in /home/ytia0661@acfr.usyd.edu.au/PycharmProjects/MAE/mae/wandb/run-20250224_145321-pv2ta3ic
wandb: Run `wandb offline` to turn off syncing.
wandb: Syncing run MAE_imagenette_bs256_epoch600_withevaluate
wandb: ⭐️ View project at https://wandb.ai/visual-intelligence-laboratory/MInM
wandb: 🚀 View run at https://wandb.ai/visual-intelligence-laboratory/MInM/runs/pv2ta3ic
[rank0]:[W224 14:53:23.129176034 ProcessGroupNCCL.cpp:4561] [PG ID 0 PG GUID 0 Rank 0]  using GPU 0 to perform barrier as devices used by this process are currently unknown. This can potentially cause a hang if this rank to GPU mapping is incorrect. Specify device_ids in barrier() to force use of a particular device, or call init_process_group() with a device_id.
/home/ytia0661@acfr.usyd.edu.au/PycharmProjects/MAE/mae/util/misc.py:270: FutureWarning: `torch.cuda.amp.GradScaler(args...)` is deprecated. Please use `torch.amp.GradScaler('cuda', args...)` instead.
  self._scaler = torch.cuda.amp.GradScaler()
/home/ytia0661@acfr.usyd.edu.au/PycharmProjects/MAE/mae/engine_pretrain2.py:47: FutureWarning: `torch.cuda.amp.autocast(args...)` is deprecated. Please use `torch.amp.autocast('cuda', args...)` instead.
  with torch.cuda.amp.autocast():
[rank0]: Traceback (most recent call last):
[rank0]:   File "/home/ytia0661@acfr.usyd.edu.au/PycharmProjects/MAE/mae/trainwandb8.py", line 339, in <module>
[rank0]:     main(args)
[rank0]:   File "/home/ytia0661@acfr.usyd.edu.au/PycharmProjects/MAE/mae/trainwandb8.py", line 282, in main
[rank0]:     train_stats = train_one_epoch(
[rank0]:                   ^^^^^^^^^^^^^^^^
[rank0]:   File "/home/ytia0661@acfr.usyd.edu.au/PycharmProjects/MAE/mae/engine_pretrain2.py", line 48, in train_one_epoch
[rank0]:     loss, _, _ = model(samples, mask_paths = mask_paths)
[rank0]:                  ^^^^^^^^^^^^^^^^^^^^^^^^^^^^^^^^^^^^^^^
[rank0]:   File "/home/ytia0661@acfr.usyd.edu.au/anaconda3/envs/gpupytorch/lib/python3.11/site-packages/torch/nn/modules/module.py", line 1739, in _wrapped_call_impl
[rank0]:     return self._call_impl(*args, **kwargs)
[rank0]:            ^^^^^^^^^^^^^^^^^^^^^^^^^^^^^^^^
[rank0]:   File "/home/ytia0661@acfr.usyd.edu.au/anaconda3/envs/gpupytorch/lib/python3.11/site-packages/torch/nn/modules/module.py", line 1750, in _call_impl
[rank0]:     return forward_call(*args, **kwargs)
[rank0]:            ^^^^^^^^^^^^^^^^^^^^^^^^^^^^^
[rank0]:   File "/home/ytia0661@acfr.usyd.edu.au/anaconda3/envs/gpupytorch/lib/python3.11/site-packages/torch/nn/parallel/distributed.py", line 1643, in forward
[rank0]:     else self._run_ddp_forward(*inputs, **kwargs)
[rank0]:          ^^^^^^^^^^^^^^^^^^^^^^^^^^^^^^^^^^^^^^^^
[rank0]:   File "/home/ytia0661@acfr.usyd.edu.au/anaconda3/envs/gpupytorch/lib/python3.11/site-packages/torch/nn/parallel/distributed.py", line 1459, in _run_ddp_forward
[rank0]:     return self.module(*inputs, **kwargs)  # type: ignore[index]
[rank0]:            ^^^^^^^^^^^^^^^^^^^^^^^^^^^^^^
[rank0]:   File "/home/ytia0661@acfr.usyd.edu.au/anaconda3/envs/gpupytorch/lib/python3.11/site-packages/torch/nn/modules/module.py", line 1739, in _wrapped_call_impl
[rank0]:     return self._call_impl(*args, **kwargs)
[rank0]:            ^^^^^^^^^^^^^^^^^^^^^^^^^^^^^^^^
[rank0]:   File "/home/ytia0661@acfr.usyd.edu.au/anaconda3/envs/gpupytorch/lib/python3.11/site-packages/torch/nn/modules/module.py", line 1750, in _call_impl
[rank0]:     return forward_call(*args, **kwargs)
[rank0]:            ^^^^^^^^^^^^^^^^^^^^^^^^^^^^^
[rank0]:   File "/home/ytia0661@acfr.usyd.edu.au/PycharmProjects/MAE/mae/models_mae2.py", line 314, in forward
[rank0]:     latent, mask, ids_restore = self.forward_encoder(imgs, mask_paths)  # ✅ 现在支持 batch mask
[rank0]:                                 ^^^^^^^^^^^^^^^^^^^^^^^^^^^^^^^^^^^^^^
[rank0]:   File "/home/ytia0661@acfr.usyd.edu.au/PycharmProjects/MAE/mae/models_mae2.py", line 227, in forward_encoder
[rank0]:     x_masked = torch.stack(x_masked)  # [B, L_keep, D]
[rank0]:                ^^^^^^^^^^^^^^^^^^^^^
[rank0]: RuntimeError: stack expects each tensor to be equal size, but got [43, 1024] at entry 0 and [4, 1024] at entry 1
E0224 14:53:42.914000 369559 site-packages/torch/distributed/elastic/multiprocessing/api.py:869] failed (exitcode: 1) local_rank: 0 (pid: 369561) of binary: /home/ytia0661@acfr.usyd.edu.au/anaconda3/envs/gpupytorch/bin/python
Traceback (most recent call last):
  File "/home/ytia0661@acfr.usyd.edu.au/anaconda3/envs/gpupytorch/bin/torchrun", line 8, in <module>
    sys.exit(main())
             ^^^^^^
  File "/home/ytia0661@acfr.usyd.edu.au/anaconda3/envs/gpupytorch/lib/python3.11/site-packages/torch/distributed/elastic/multiprocessing/errors/__init__.py", line 355, in wrapper
    return f(*args, **kwargs)
           ^^^^^^^^^^^^^^^^^^
  File "/home/ytia0661@acfr.usyd.edu.au/anaconda3/envs/gpupytorch/lib/python3.11/site-packages/torch/distributed/run.py", line 918, in main
    run(args)
  File "/home/ytia0661@acfr.usyd.edu.au/anaconda3/envs/gpupytorch/lib/python3.11/site-packages/torch/distributed/run.py", line 909, in run
    elastic_launch(
  File "/home/ytia0661@acfr.usyd.edu.au/anaconda3/envs/gpupytorch/lib/python3.11/site-packages/torch/distributed/launcher/api.py", line 138, in __call__
    return launch_agent(self._config, self._entrypoint, list(args))
           ^^^^^^^^^^^^^^^^^^^^^^^^^^^^^^^^^^^^^^^^^^^^^^^^^^^^^^^^
  File "/home/ytia0661@acfr.usyd.edu.au/anaconda3/envs/gpupytorch/lib/python3.11/site-packages/torch/distributed/launcher/api.py", line 269, in launch_agent
    raise ChildFailedError(
torch.distributed.elastic.multiprocessing.errors.ChildFailedError: 
============================================================
trainwandb8.py FAILED
------------------------------------------------------------
Failures:
  <NO_OTHER_FAILURES>
------------------------------------------------------------
Root Cause (first observed failure):
[0]:
  time      : 2025-02-24_14:53:42
  host      : blc37-j04-1.acfr.usyd.edu.au
  rank      : 0 (local_rank: 0)
  exitcode  : 1 (pid: 369561)
  error_file: <N/A>
  traceback : To enable traceback see: https://pytorch.org/docs/stable/elastic/errors.html
============================================================
