/var/spool/slurmd/job02556/slurm_script: line 16: /home/ytia0661@acfr.usyd.edu.au/miniconda3/etc/profile.d/conda.sh: No such file or directory
/var/spool/slurmd/job02556/slurm_script: line 17: /home/ytia0661@acfr.usyd.edu.au/miniconda3/bin/conda: No such file or directory

CondaError: Run 'conda init' before 'conda activate'

wandb: Currently logged in as: ytia0661 (ytia0661-the-university-of-sydney). Use `wandb login --relogin` to force relogin
wandb: Appending key for api.wandb.ai to your netrc file: /home/ytia0661@acfr.usyd.edu.au/.netrc
wandb: Currently logged in as: ytia0661 (visual-intelligence-laboratory). Use `wandb login --relogin` to force relogin
wandb: Using wandb-core as the SDK backend.  Please refer to https://wandb.me/wandb-core for more information.
wandb: - Waiting for wandb.init()...wandb: \ Waiting for wandb.init()...wandb: | Waiting for wandb.init()...wandb: / Waiting for wandb.init()...wandb: Tracking run with wandb version 0.19.2
wandb: Run data is saved locally in /home/ytia0661@acfr.usyd.edu.au/PycharmProjects/MAE/mae/wandb/run-20250211_211047-a9hun0wc
wandb: Run `wandb offline` to turn off syncing.
wandb: Syncing run MAE_imagenette_bs256_epoch600_withevaluate
wandb: ⭐️ View project at https://wandb.ai/visual-intelligence-laboratory/MInM
wandb: 🚀 View run at https://wandb.ai/visual-intelligence-laboratory/MInM/runs/a9hun0wc
[rank0]:[W211 21:10:52.322773782 ProcessGroupNCCL.cpp:4115] [PG ID 0 PG GUID 0 Rank 0]  using GPU 0 to perform barrier as devices used by this process are currently unknown. This can potentially cause a hang if this rank to GPU mapping is incorrect.Specify device_ids in barrier() to force use of a particular device,or call init_process_group() with a device_id.
/home/ytia0661@acfr.usyd.edu.au/PycharmProjects/MAE/mae/util/misc.py:270: FutureWarning: `torch.cuda.amp.GradScaler(args...)` is deprecated. Please use `torch.amp.GradScaler('cuda', args...)` instead.
  self._scaler = torch.cuda.amp.GradScaler()
/home/ytia0661@acfr.usyd.edu.au/PycharmProjects/MAE/mae/engine_pretrain.py:47: FutureWarning: `torch.cuda.amp.autocast(args...)` is deprecated. Please use `torch.amp.autocast('cuda', args...)` instead.
  with torch.cuda.amp.autocast():
[rank0]:[W211 21:11:00.144454579 reducer.cpp:1400] Warning: find_unused_parameters=True was specified in DDP constructor, but did not find any unused parameters in the forward pass. This flag results in an extra traversal of the autograd graph every iteration,  which can adversely affect performance. If your model indeed never has any unused parameters in the forward pass, consider turning this flag off. Note that this warning may be a false positive if your model has flow control causing later iterations to have unused parameters. (function operator())
/home/ytia0661@acfr.usyd.edu.au/PycharmProjects/MAE/mae/engine_probing.py:193: FutureWarning: You are using `torch.load` with `weights_only=False` (the current default value), which uses the default pickle module implicitly. It is possible to construct malicious pickle data which will execute arbitrary code during unpickling (See https://github.com/pytorch/pytorch/blob/main/SECURITY.md#untrusted-models for more details). In a future release, the default value for `weights_only` will be flipped to `True`. This limits the functions that could be executed during unpickling. Arbitrary objects will no longer be allowed to be loaded via this mode unless they are explicitly allowlisted by the user via `torch.serialization.add_safe_globals`. We recommend you start setting `weights_only=True` for any use case where you don't have full control of the loaded file. Please open an issue on GitHub for any issues related to this experimental feature.
  checkpoint = torch.load(model_path)
/home/ytia0661@acfr.usyd.edu.au/PycharmProjects/MAE/mae/engine_finetune.py:55: FutureWarning: `torch.cuda.amp.autocast(args...)` is deprecated. Please use `torch.amp.autocast('cuda', args...)` instead.
  with torch.cuda.amp.autocast():
/home/ytia0661@acfr.usyd.edu.au/PycharmProjects/MAE/mae/engine_finetune.py:115: FutureWarning: `torch.cuda.amp.autocast(args...)` is deprecated. Please use `torch.amp.autocast('cuda', args...)` instead.
  with torch.cuda.amp.autocast():
slurmstepd-erinyes: error: *** JOB 2556 ON erinyes CANCELLED AT 2025-02-11T22:01:22 ***
