/var/spool/slurmd/job02800/slurm_script: line 16: /home/ytia0661@acfr.usyd.edu.au/miniconda3/etc/profile.d/conda.sh: No such file or directory
/var/spool/slurmd/job02800/slurm_script: line 17: /home/ytia0661@acfr.usyd.edu.au/miniconda3/bin/conda: No such file or directory

CondaError: Run 'conda init' before 'conda activate'

wandb: Using wandb-core as the SDK backend.  Please refer to https://wandb.me/wandb-core for more information.
wandb: Appending key for api.wandb.ai to your netrc file: /home/ytia0661@acfr.usyd.edu.au/.netrc
wandb: Currently logged in as: ytia0661 (ytia0661-the-university-of-sydney) to https://api.wandb.ai. Use `wandb login --relogin` to force relogin
wandb: creating run
wandb: Tracking run with wandb version 0.19.7.dev1
wandb: Run data is saved locally in /home/ytia0661@acfr.usyd.edu.au/PycharmProjects/MAE/mae/wandb/run-20250226_171829-uc218p5b
wandb: Run `wandb offline` to turn off syncing.
wandb: Syncing run MAE_imagenette_bs256_epoch600_withevaluate_acc1+acc5
wandb: ⭐️ View project at https://wandb.ai/visual-intelligence-laboratory/MInM
wandb: 🚀 View run at https://wandb.ai/visual-intelligence-laboratory/MInM/runs/uc218p5b
[rank0]:[W226 17:18:34.489509365 ProcessGroupNCCL.cpp:4561] [PG ID 0 PG GUID 0 Rank 0]  using GPU 0 to perform barrier as devices used by this process are currently unknown. This can potentially cause a hang if this rank to GPU mapping is incorrect. Specify device_ids in barrier() to force use of a particular device, or call init_process_group() with a device_id.
/home/ytia0661@acfr.usyd.edu.au/PycharmProjects/MAE/mae/util/misc.py:270: FutureWarning: `torch.cuda.amp.GradScaler(args...)` is deprecated. Please use `torch.amp.GradScaler('cuda', args...)` instead.
  self._scaler = torch.cuda.amp.GradScaler()
/home/ytia0661@acfr.usyd.edu.au/PycharmProjects/MAE/mae/engine_pretrain.py:47: FutureWarning: `torch.cuda.amp.autocast(args...)` is deprecated. Please use `torch.amp.autocast('cuda', args...)` instead.
  with torch.cuda.amp.autocast():
[rank0]:[W226 17:18:43.445651504 reducer.cpp:1400] Warning: find_unused_parameters=True was specified in DDP constructor, but did not find any unused parameters in the forward pass. This flag results in an extra traversal of the autograd graph every iteration,  which can adversely affect performance. If your model indeed never has any unused parameters in the forward pass, consider turning this flag off. Note that this warning may be a false positive if your model has flow control causing later iterations to have unused parameters. (function operator())
/home/ytia0661@acfr.usyd.edu.au/PycharmProjects/MAE/mae/engine_finetune.py:55: FutureWarning: `torch.cuda.amp.autocast(args...)` is deprecated. Please use `torch.amp.autocast('cuda', args...)` instead.
  with torch.cuda.amp.autocast():
/home/ytia0661@acfr.usyd.edu.au/PycharmProjects/MAE/mae/engine_finetune.py:115: FutureWarning: `torch.cuda.amp.autocast(args...)` is deprecated. Please use `torch.amp.autocast('cuda', args...)` instead.
  with torch.cuda.amp.autocast():
wandb: uploading output.log; uploading wandb-summary.json; uploading config.yaml
wandb: uploading output.log; uploading output_dir6/best_acc.pth
wandb: uploading output_dir6/best_acc.pth
wandb: uploading output_dir6/best_acc.pth; uploading data
wandb: uploading output_dir6/best_acc.pth
wandb: uploading output_dir6/best_acc.pth; uploading data
wandb: uploading output_dir6/best_acc.pth
wandb: uploading data
wandb:                                                                                
wandb: 
wandb: Run history:
wandb:           best_acc1 ▁▁▂▃▃▄▄▅▅▅▆▅▆▆▆▆▇▆▆▇▇▇▇▇██▇▇████████████
wandb:           best_acc5 ▁▂▃▄▅▆▆▆▇▇▇▇▇▇▇█▇███████████████████████
wandb:               epoch ▁▁▁▁▁▂▂▂▂▂▂▂▂▂▂▃▃▃▄▄▄▄▄▅▅▅▅▅▅▅▆▆▆▆▆▇▇███
wandb:       learning_rate ▅███▇▇▇▇▇▇▇▇▇▆▆▆▆▅▅▅▄▄▄▄▄▄▃▃▃▃▃▃▃▂▂▁▁▁▁▁
wandb: total_training_time ▁
wandb:          train_loss █▇▄▃▃▂▂▂▂▂▂▂▂▂▂▂▂▁▁▁▁▁▁▁▁▁▁▁▁▁▁▁▁▁▁▁▁▁▁▁
wandb: 
wandb: Run summary:
wandb:           best_acc1 71.5
wandb:           best_acc5 97
wandb:               epoch 599
wandb:       learning_rate 0.0
wandb: total_training_time 26356.36962
wandb:          train_loss 0.3359
wandb: 
wandb: 🚀 View run MAE_imagenette_bs256_epoch600_withevaluate_acc1+acc5 at: https://wandb.ai/visual-intelligence-laboratory/MInM/runs/uc218p5b
wandb: ⭐️ View project at: https://wandb.ai/visual-intelligence-laboratory/MInM
wandb: Synced 5 W&B file(s), 0 media file(s), 0 artifact file(s) and 1 other file(s)
wandb: Find logs at: ./wandb/run-20250226_171829-uc218p5b/logs
[rank0]:[W227 00:40:22.940169769 ProcessGroupNCCL.cpp:1496] Warning: WARNING: destroy_process_group() was not called before program exit, which can leak resources. For more info, please see https://pytorch.org/docs/stable/distributed.html#shutdown (function operator())
