wandb: [wandb.login()] Using explicit session credentials for https://api.wandb.ai.
wandb: Appending key for api.wandb.ai to your netrc file: /home/ywan0794/.netrc
wandb: Currently logged in as: ytia0661 (ytia0661-the-university-of-sydney) to https://api.wandb.ai. Use `wandb login --relogin` to force relogin
wandb: setting up run mwosxfa9
wandb: Tracking run with wandb version 0.25.1
wandb: Run data is saved locally in /home/ywan0794/MInM-code/wandb/run-20260329_052041-mwosxfa9
wandb: Run `wandb offline` to turn off syncing.
wandb: Syncing run MAE_baseline_imagenette
wandb: ⭐️ View project at https://wandb.ai/visual-intelligence-laboratory/MInM
wandb: 🚀 View run at https://wandb.ai/visual-intelligence-laboratory/MInM/runs/mwosxfa9
/home/ywan0794/miniconda3/envs/minm/lib/python3.9/site-packages/torch/optim/lr_scheduler.py:136: UserWarning: Detected call of `lr_scheduler.step()` before `optimizer.step()`. In PyTorch 1.1.0 and later, you should call them in the opposite order: `optimizer.step()` before `lr_scheduler.step()`.  Failure to do this will result in PyTorch skipping the first value of the learning rate schedule. See more details at https://pytorch.org/docs/stable/optim.html#how-to-adjust-learning-rate
  warnings.warn("Detected call of `lr_scheduler.step()` before `optimizer.step()`. "
[W reducer.cpp:1346] Warning: find_unused_parameters=True was specified in DDP constructor, but did not find any unused parameters in the forward pass. This flag results in an extra traversal of the autograd graph every iteration,  which can adversely affect performance. If your model indeed never has any unused parameters in the forward pass, consider turning this flag off. Note that this warning may be a false positive if your model has flow control causing later iterations to have unused parameters. (function operator())
wandb: updating run metadata
wandb: uploading output.log; uploading wandb-summary.json; uploading config.yaml; uploading history steps 29-30, summary, console lines 22403-22474
wandb: uploading output.log; uploading wandb-summary.json
wandb: uploading output.log
wandb: uploading data
wandb: 
wandb: Run history:
wandb:           best_acc1 ▁████
wandb:           best_acc5 ▁████
wandb:               epoch ▁▁▂▂▂▂▂▃▃▃▄▄▄▄▅▅▅▅▅▆▆▆▇▇▇▇▇███
wandb:       learning_rate ██████▇▇▇▇▇▆▆▆▅▅▅▄▄▃▃▃▂▂▁
wandb: linear_probing_acc1 ▃▁▇█▆
wandb: linear_probing_acc5 █▄▄▁▁
wandb: total_training_time ▁
wandb:          train_loss ▁▅▃▅▅█▅▃▂▄▄▅▄▄▅▂▆▃▇█▄▆▂▂▄
wandb: 
wandb: Run summary:
wandb:           best_acc1 59.97452
wandb:           best_acc5 93.35032
wandb:               epoch 124
wandb:       learning_rate 0.0
wandb: linear_probing_acc1 59.92357
wandb: linear_probing_acc5 93.35032
wandb: total_training_time 5646.17406
wandb:          train_loss 0.47786
wandb: 
wandb: 🚀 View run MAE_baseline_imagenette at: https://wandb.ai/visual-intelligence-laboratory/MInM/runs/mwosxfa9
wandb: ⭐️ View project at: https://wandb.ai/visual-intelligence-laboratory/MInM
wandb: Synced 5 W&B file(s), 0 media file(s), 0 artifact file(s) and 0 other file(s)
wandb: Find logs at: ./wandb/run-20260329_052041-mwosxfa9/logs
