no change     /home/ytia0661@acfr.usyd.edu.au/anaconda3/condabin/conda
no change     /home/ytia0661@acfr.usyd.edu.au/anaconda3/bin/conda
no change     /home/ytia0661@acfr.usyd.edu.au/anaconda3/bin/conda-env
no change     /home/ytia0661@acfr.usyd.edu.au/anaconda3/bin/activate
no change     /home/ytia0661@acfr.usyd.edu.au/anaconda3/bin/deactivate
no change     /home/ytia0661@acfr.usyd.edu.au/anaconda3/etc/profile.d/conda.sh
no change     /home/ytia0661@acfr.usyd.edu.au/anaconda3/etc/fish/conf.d/conda.fish
no change     /home/ytia0661@acfr.usyd.edu.au/anaconda3/shell/condabin/Conda.psm1
no change     /home/ytia0661@acfr.usyd.edu.au/anaconda3/shell/condabin/conda-hook.ps1
no change     /home/ytia0661@acfr.usyd.edu.au/anaconda3/lib/python3.12/site-packages/xontrib/conda.xsh
no change     /home/ytia0661@acfr.usyd.edu.au/anaconda3/etc/profile.d/conda.csh
no change     /home/ytia0661@acfr.usyd.edu.au/.bashrc
No action taken.
no change     /home/ytia0661@acfr.usyd.edu.au/anaconda3/condabin/conda
no change     /home/ytia0661@acfr.usyd.edu.au/anaconda3/bin/conda
no change     /home/ytia0661@acfr.usyd.edu.au/anaconda3/bin/conda-env
no change     /home/ytia0661@acfr.usyd.edu.au/anaconda3/bin/activate
no change     /home/ytia0661@acfr.usyd.edu.au/anaconda3/bin/deactivate
no change     /home/ytia0661@acfr.usyd.edu.au/anaconda3/etc/profile.d/conda.sh
no change     /home/ytia0661@acfr.usyd.edu.au/anaconda3/etc/fish/conf.d/conda.fish
no change     /home/ytia0661@acfr.usyd.edu.au/anaconda3/shell/condabin/Conda.psm1
no change     /home/ytia0661@acfr.usyd.edu.au/anaconda3/shell/condabin/conda-hook.ps1
no change     /home/ytia0661@acfr.usyd.edu.au/anaconda3/lib/python3.12/site-packages/xontrib/conda.xsh
no change     /home/ytia0661@acfr.usyd.edu.au/anaconda3/etc/profile.d/conda.csh
no change     /home/ytia0661@acfr.usyd.edu.au/.bashrc
No action taken.
Sun Feb 23 23:20:26 2025       
+-----------------------------------------------------------------------------------------+
| NVIDIA-SMI 550.120                Driver Version: 550.120        CUDA Version: 12.4     |
|-----------------------------------------+------------------------+----------------------+
| GPU  Name                 Persistence-M | Bus-Id          Disp.A | Volatile Uncorr. ECC |
| Fan  Temp   Perf          Pwr:Usage/Cap |           Memory-Usage | GPU-Util  Compute M. |
|                                         |                        |               MIG M. |
|=========================================+========================+======================|
|   0  NVIDIA H100 NVL                Off |   00000000:61:00.0 Off |                    0 |
| N/A   37C    P0             61W /  400W |      14MiB /  95830MiB |      0%      Default |
|                                         |                        |             Disabled |
+-----------------------------------------+------------------------+----------------------+
|   1  NVIDIA H100 NVL                Off |   00000000:E1:00.0 Off |                    0 |
| N/A   35C    P0             60W /  400W |      14MiB /  95830MiB |      0%      Default |
|                                         |                        |             Disabled |
+-----------------------------------------+------------------------+----------------------+
                                                                                         
+-----------------------------------------------------------------------------------------+
| Processes:                                                                              |
|  GPU   GI   CI        PID   Type   Process name                              GPU Memory |
|        ID   ID                                                               Usage      |
|=========================================================================================|
|    0   N/A  N/A      2695      G   /usr/lib/xorg/Xorg                              4MiB |
|    1   N/A  N/A      2695      G   /usr/lib/xorg/Xorg                              4MiB |
+-----------------------------------------------------------------------------------------+
2.6.0+cu124
12.4
90100
