no change     /home/ytia0661@acfr.usyd.edu.au/anaconda3/condabin/conda
no change     /home/ytia0661@acfr.usyd.edu.au/anaconda3/bin/conda
no change     /home/ytia0661@acfr.usyd.edu.au/anaconda3/bin/conda-env
no change     /home/ytia0661@acfr.usyd.edu.au/anaconda3/bin/activate
no change     /home/ytia0661@acfr.usyd.edu.au/anaconda3/bin/deactivate
no change     /home/ytia0661@acfr.usyd.edu.au/anaconda3/etc/profile.d/conda.sh
no change     /home/ytia0661@acfr.usyd.edu.au/anaconda3/etc/fish/conf.d/conda.fish
no change     /home/ytia0661@acfr.usyd.edu.au/anaconda3/shell/condabin/Conda.psm1
no change     /home/ytia0661@acfr.usyd.edu.au/anaconda3/shell/condabin/conda-hook.ps1
no change     /home/ytia0661@acfr.usyd.edu.au/anaconda3/lib/python3.12/site-packages/xontrib/conda.xsh
no change     /home/ytia0661@acfr.usyd.edu.au/anaconda3/etc/profile.d/conda.csh
no change     /home/ytia0661@acfr.usyd.edu.au/.bashrc
No action taken.
no change     /home/ytia0661@acfr.usyd.edu.au/anaconda3/condabin/conda
no change     /home/ytia0661@acfr.usyd.edu.au/anaconda3/bin/conda
no change     /home/ytia0661@acfr.usyd.edu.au/anaconda3/bin/conda-env
no change     /home/ytia0661@acfr.usyd.edu.au/anaconda3/bin/activate
no change     /home/ytia0661@acfr.usyd.edu.au/anaconda3/bin/deactivate
no change     /home/ytia0661@acfr.usyd.edu.au/anaconda3/etc/profile.d/conda.sh
no change     /home/ytia0661@acfr.usyd.edu.au/anaconda3/etc/fish/conf.d/conda.fish
no change     /home/ytia0661@acfr.usyd.edu.au/anaconda3/shell/condabin/Conda.psm1
no change     /home/ytia0661@acfr.usyd.edu.au/anaconda3/shell/condabin/conda-hook.ps1
no change     /home/ytia0661@acfr.usyd.edu.au/anaconda3/lib/python3.12/site-packages/xontrib/conda.xsh
no change     /home/ytia0661@acfr.usyd.edu.au/anaconda3/etc/profile.d/conda.csh
no change     /home/ytia0661@acfr.usyd.edu.au/.bashrc
No action taken.
| distributed init (rank 0): env://, gpu 0
[17:14:08.842703] job dir: /home/ytia0661@acfr.usyd.edu.au/PycharmProjects/MAE/mae
[17:14:08.843064] Namespace(batch_size=256,
epochs=600,
accum_iter=1,
model='mae_vit_large_patch16',
input_size=224,
mask_ratio=0.75,
norm_pix_loss=False,
weight_decay=0.05,
lr=None,
blr=0.001,
min_lr=0.0,
warmup_epochs=40,
data_path='/home/ytia0661@acfr.usyd.edu.au/PycharmProjects/Sam2/sam2/imagenette',
output_dir='output_dir6',
log_dir='output_dir6',
device='cuda',
seed=0,
resume='',
start_epoch=0,
num_workers=10,
pin_mem=True,
world_size=1,
local_rank=-1,
dist_on_itp=False,
dist_url='env://',
rank=0,
gpu=0,
distributed=True,
dist_backend='nccl')
[17:14:09.119409] Dataset ImageFolder
    Number of datapoints: 9469
    Root location: /home/ytia0661@acfr.usyd.edu.au/PycharmProjects/Sam2/sam2/imagenette/train
    StandardTransform
Transform: Compose(
               RandomResizedCrop(size=(224, 224), scale=(0.2, 1.0), ratio=(0.75, 1.3333), interpolation=bicubic, antialias=True)
               RandomHorizontalFlip(p=0.5)
               ToTensor()
               Normalize(mean=[0.485, 0.456, 0.406], std=[0.229, 0.224, 0.225])
           )
[17:14:09.120617] Sampler_train = <torch.utils.data.distributed.DistributedSampler object at 0x75584ba35dd0>
[17:14:12.605054] Model = MaskedAutoencoderViT(
  (patch_embed): PatchEmbed(
    (proj): Conv2d(3, 1024, kernel_size=(16, 16), stride=(16, 16))
  )
  (blocks): ModuleList(
    (0-23): 24 x Block(
      (norm1): LayerNorm((1024,), eps=1e-06, elementwise_affine=True)
      (attn): Attention(
        (qkv): Linear(in_features=1024, out_features=3072, bias=True)
        (attn_drop): Dropout(p=0.0, inplace=False)
        (proj): Linear(in_features=1024, out_features=1024, bias=True)
        (proj_drop): Dropout(p=0.0, inplace=False)
      )
      (drop_path): Identity()
      (norm2): LayerNorm((1024,), eps=1e-06, elementwise_affine=True)
      (mlp): Mlp(
        (fc1): Linear(in_features=1024, out_features=4096, bias=True)
        (act): GELU(approximate='none')
        (fc2): Linear(in_features=4096, out_features=1024, bias=True)
        (drop): Dropout(p=0.0, inplace=False)
      )
    )
  )
  (norm): LayerNorm((1024,), eps=1e-06, elementwise_affine=True)
  (decoder_embed): Linear(in_features=1024, out_features=512, bias=True)
  (decoder_blocks): ModuleList(
    (0-7): 8 x Block(
      (norm1): LayerNorm((512,), eps=1e-06, elementwise_affine=True)
      (attn): Attention(
        (qkv): Linear(in_features=512, out_features=1536, bias=True)
        (attn_drop): Dropout(p=0.0, inplace=False)
        (proj): Linear(in_features=512, out_features=512, bias=True)
        (proj_drop): Dropout(p=0.0, inplace=False)
      )
      (drop_path): Identity()
      (norm2): LayerNorm((512,), eps=1e-06, elementwise_affine=True)
      (mlp): Mlp(
        (fc1): Linear(in_features=512, out_features=2048, bias=True)
        (act): GELU(approximate='none')
        (fc2): Linear(in_features=2048, out_features=512, bias=True)
        (drop): Dropout(p=0.0, inplace=False)
      )
    )
  )
  (decoder_norm): LayerNorm((512,), eps=1e-06, elementwise_affine=True)
  (decoder_pred): Linear(in_features=512, out_features=768, bias=True)
)
[17:14:12.605522] base lr: 1.00e-03
[17:14:12.605623] actual lr: 1.00e-03
[17:14:12.605712] accumulate grad iterations: 1
[17:14:12.605804] effective batch size: 256
[17:14:12.619819] AdamW (
Parameter Group 0
    amsgrad: False
    betas: (0.9, 0.95)
    capturable: False
    differentiable: False
    eps: 1e-08
    foreach: None
    fused: None
    lr: 0.001
    maximize: False
    weight_decay: 0.0

Parameter Group 1
    amsgrad: False
    betas: (0.9, 0.95)
    capturable: False
    differentiable: False
    eps: 1e-08
    foreach: None
    fused: None
    lr: 0.001
    maximize: False
    weight_decay: 0.05
)
[17:14:12.621070] Start training for 600 epochs
[17:14:12.622674] log_dir: output_dir6
[17:14:19.245985] Epoch: [0]  [ 0/36]  eta: 0:03:58  lr: 0.000000  loss: 2.2442 (2.2442)  time: 6.6224  data: 3.8890  max mem: 31745
[17:14:24.380625] Epoch: [0]  [20/36]  eta: 0:00:08  lr: 0.000014  loss: 1.9085 (1.9839)  time: 0.2567  data: 0.0002  max mem: 34285
[17:14:28.076792] Epoch: [0]  [35/36]  eta: 0:00:00  lr: 0.000024  loss: 1.6156 (1.8252)  time: 0.2468  data: 0.0001  max mem: 34285
[17:14:28.162522] Epoch: [0] Total time: 0:00:15 (0.4317 s / it)
[17:14:28.163458] Averaged stats: lr: 0.000024  loss: 1.6156 (1.8252)
[17:14:28.173683] log_dir: output_dir6
[17:14:30.291597] Epoch: [1]  [ 0/36]  eta: 0:01:16  lr: 0.000025  loss: 1.4526 (1.4526)  time: 2.1164  data: 1.8672  max mem: 34285
[17:14:35.375769] Epoch: [1]  [20/36]  eta: 0:00:05  lr: 0.000039  loss: 1.4060 (1.4169)  time: 0.2541  data: 0.0046  max mem: 34285
[17:14:39.082418] Epoch: [1]  [35/36]  eta: 0:00:00  lr: 0.000049  loss: 1.3101 (1.3637)  time: 0.2478  data: 0.0001  max mem: 34285
[17:14:39.177225] Epoch: [1] Total time: 0:00:11 (0.3056 s / it)
[17:14:39.178216] Averaged stats: lr: 0.000049  loss: 1.3101 (1.3637)
[17:14:39.184219] log_dir: output_dir6
[17:14:41.367136] Epoch: [2]  [ 0/36]  eta: 0:01:18  lr: 0.000050  loss: 1.2443 (1.2443)  time: 2.1820  data: 1.9325  max mem: 34285
[17:14:46.401923] Epoch: [2]  [20/36]  eta: 0:00:05  lr: 0.000064  loss: 1.2214 (1.2271)  time: 0.2517  data: 0.0004  max mem: 34285
[17:14:50.141024] Epoch: [2]  [35/36]  eta: 0:00:00  lr: 0.000074  loss: 1.2135 (1.2189)  time: 0.2499  data: 0.0001  max mem: 34285
[17:14:50.237569] Epoch: [2] Total time: 0:00:11 (0.3070 s / it)
[17:14:50.238503] Averaged stats: lr: 0.000074  loss: 1.2135 (1.2189)
[17:15:05.809407] job dir: /home/ytia0661@acfr.usyd.edu.au/PycharmProjects/MAE/mae
[17:15:05.810007] Namespace(batch_size=128,
epochs=90,
accum_iter=1,
model='vit_large_patch16',
weight_decay=0,
lr=None,
blr=0.1,
min_lr=0.0,
warmup_epochs=10,
finetune=None,
global_pool=False,
data_path='/home/ytia0661@acfr.usyd.edu.au/PycharmProjects/MAE/mae/val',
nb_classes=10,
output_dir='./output_dir2',
log_dir='./output_dir2',
device='cuda',
seed=0,
resume='',
start_epoch=0,
eval=False,
dist_eval=False,
num_workers=10,
pin_mem=True,
world_size=2,
local_rank=-1,
dist_on_itp=False,
dist_url='env://',
distributed=False)
[17:15:05.909846] Dataset ImageFolder
    Number of datapoints: 1590
    Root location: /home/ytia0661@acfr.usyd.edu.au/PycharmProjects/MAE/mae/val/train
    StandardTransform
Transform: Compose(
               RandomResizedCrop(size=(224, 224), scale=(0.08, 1.0), ratio=(0.75, 1.3333), interpolation=bicubic, antialias=True)
               RandomHorizontalFlip(p=0.5)
               ToTensor()
               Normalize(mean=[0.485, 0.456, 0.406], std=[0.229, 0.224, 0.225])
           )
[17:15:05.910868] Dataset ImageFolder
    Number of datapoints: 400
    Root location: /home/ytia0661@acfr.usyd.edu.au/PycharmProjects/MAE/mae/val/val
    StandardTransform
Transform: Compose(
               Resize(size=256, interpolation=bicubic, max_size=None, antialias=True)
               CenterCrop(size=(224, 224))
               ToTensor()
               Normalize(mean=[0.485, 0.456, 0.406], std=[0.229, 0.224, 0.225])
           )
[17:15:16.461089] [17:15:16.462245] [17:15:16.462465] [17:15:16.462613] [17:15:16.462748] [17:15:16.462918] [17:15:16.509852] [17:15:16.510803] [17:15:16.511070] [17:15:16.511241] [17:15:16.511418] [17:15:16.511594] [17:15:16.511769] [17:15:16.512101] [17:15:16.512277] [17:15:16.512434] [1;34mwandb[0m: 
[1;34mwandb[0m: 🚀 View run [33mMAE_imagenette_bs256_epoch600_withevaluate_acc1+acc5[0m at: [34mhttps://wandb.ai/visual-intelligence-laboratory/MInM/runs/78rrglr5[0m
[1;34mwandb[0m: Find logs at: [1;35mwandb/run-20250226_171404-78rrglr5/logs[0m
