no change     /home/ytia0661@acfr.usyd.edu.au/anaconda3/condabin/conda
no change     /home/ytia0661@acfr.usyd.edu.au/anaconda3/bin/conda
no change     /home/ytia0661@acfr.usyd.edu.au/anaconda3/bin/conda-env
no change     /home/ytia0661@acfr.usyd.edu.au/anaconda3/bin/activate
no change     /home/ytia0661@acfr.usyd.edu.au/anaconda3/bin/deactivate
no change     /home/ytia0661@acfr.usyd.edu.au/anaconda3/etc/profile.d/conda.sh
no change     /home/ytia0661@acfr.usyd.edu.au/anaconda3/etc/fish/conf.d/conda.fish
no change     /home/ytia0661@acfr.usyd.edu.au/anaconda3/shell/condabin/Conda.psm1
no change     /home/ytia0661@acfr.usyd.edu.au/anaconda3/shell/condabin/conda-hook.ps1
no change     /home/ytia0661@acfr.usyd.edu.au/anaconda3/lib/python3.12/site-packages/xontrib/conda.xsh
no change     /home/ytia0661@acfr.usyd.edu.au/anaconda3/etc/profile.d/conda.csh
no change     /home/ytia0661@acfr.usyd.edu.au/.bashrc
No action taken.
no change     /home/ytia0661@acfr.usyd.edu.au/anaconda3/condabin/conda
no change     /home/ytia0661@acfr.usyd.edu.au/anaconda3/bin/conda
no change     /home/ytia0661@acfr.usyd.edu.au/anaconda3/bin/conda-env
no change     /home/ytia0661@acfr.usyd.edu.au/anaconda3/bin/activate
no change     /home/ytia0661@acfr.usyd.edu.au/anaconda3/bin/deactivate
no change     /home/ytia0661@acfr.usyd.edu.au/anaconda3/etc/profile.d/conda.sh
no change     /home/ytia0661@acfr.usyd.edu.au/anaconda3/etc/fish/conf.d/conda.fish
no change     /home/ytia0661@acfr.usyd.edu.au/anaconda3/shell/condabin/Conda.psm1
no change     /home/ytia0661@acfr.usyd.edu.au/anaconda3/shell/condabin/conda-hook.ps1
no change     /home/ytia0661@acfr.usyd.edu.au/anaconda3/lib/python3.12/site-packages/xontrib/conda.xsh
no change     /home/ytia0661@acfr.usyd.edu.au/anaconda3/etc/profile.d/conda.csh
no change     /home/ytia0661@acfr.usyd.edu.au/.bashrc
No action taken.
| distributed init (rank 0): env://, gpu 0
[00:40:44.434834] job dir: /home/ytia0661@acfr.usyd.edu.au/PycharmProjects/MAE/mae
[00:40:44.436479] Namespace(batch_size=256,
epochs=600,
accum_iter=1,
model='mae_vit_large_patch16',
input_size=224,
mask_ratio=0.75,
norm_pix_loss=False,
weight_decay=0.05,
lr=None,
blr=0.001,
min_lr=0.0,
warmup_epochs=40,
data_path='/home/ytia0661@acfr.usyd.edu.au/PycharmProjects/Sam2/sam2/imagenette',
output_dir='output_dir3',
log_dir='output_dir3',
device='cuda',
seed=0,
resume='',
start_epoch=0,
num_workers=10,
pin_mem=True,
world_size=1,
local_rank=-1,
dist_on_itp=False,
dist_url='env://',
rank=0,
gpu=0,
distributed=True,
dist_backend='nccl')
[00:40:44.448061] 检测到 10 个类别: ['n01440764', 'n02102040', 'n02979186', 'n03000684', 'n03028079', 'n03394916', 'n03417042', 'n03425413', 'n03445777', 'n03888257']
[00:40:44.467218] ⚠️ 警告: 未找到 /home/ytia0661@acfr.usyd.edu.au/PycharmProjects/Sam2/sam2/imagenette/mask/masks_applied/n01440764/ILSVRC2012_val_00028158_mask_applied.png 对应的 mask！
[00:40:44.513637] ⚠️ 警告: 未找到 /home/ytia0661@acfr.usyd.edu.au/PycharmProjects/Sam2/sam2/imagenette/mask/masks_applied/n01440764/n01440764_11486_mask_applied.png 对应的 mask！
[00:40:44.517162] ⚠️ 警告: 未找到 /home/ytia0661@acfr.usyd.edu.au/PycharmProjects/Sam2/sam2/imagenette/mask/masks_applied/n01440764/n01440764_1155_mask_applied.png 对应的 mask！
[00:40:44.521914] ⚠️ 警告: 未找到 /home/ytia0661@acfr.usyd.edu.au/PycharmProjects/Sam2/sam2/imagenette/mask/masks_applied/n01440764/n01440764_11668_mask_applied.png 对应的 mask！
[00:40:44.539522] ⚠️ 警告: 未找到 /home/ytia0661@acfr.usyd.edu.au/PycharmProjects/Sam2/sam2/imagenette/mask/masks_applied/n01440764/n01440764_12339_mask_applied.png 对应的 mask！
[00:40:44.540687] ⚠️ 警告: 未找到 /home/ytia0661@acfr.usyd.edu.au/PycharmProjects/Sam2/sam2/imagenette/mask/masks_applied/n01440764/n01440764_12423_mask_applied.png 对应的 mask！
[00:40:44.547028] ⚠️ 警告: 未找到 /home/ytia0661@acfr.usyd.edu.au/PycharmProjects/Sam2/sam2/imagenette/mask/masks_applied/n01440764/n01440764_12548_mask_applied.png 对应的 mask！
[00:40:44.549192] ⚠️ 警告: 未找到 /home/ytia0661@acfr.usyd.edu.au/PycharmProjects/Sam2/sam2/imagenette/mask/masks_applied/n01440764/n01440764_12619_mask_applied.png 对应的 mask！
[00:40:44.558118] ⚠️ 警告: 未找到 /home/ytia0661@acfr.usyd.edu.au/PycharmProjects/Sam2/sam2/imagenette/mask/masks_applied/n01440764/n01440764_12898_mask_applied.png 对应的 mask！
[00:40:44.578829] ⚠️ 警告: 未找到 /home/ytia0661@acfr.usyd.edu.au/PycharmProjects/Sam2/sam2/imagenette/mask/masks_applied/n01440764/n01440764_1379_mask_applied.png 对应的 mask！
[00:40:44.609158] ⚠️ 警告: 未找到 /home/ytia0661@acfr.usyd.edu.au/PycharmProjects/Sam2/sam2/imagenette/mask/masks_applied/n01440764/n01440764_15073_mask_applied.png 对应的 mask！
[00:40:44.611937] ⚠️ 警告: 未找到 /home/ytia0661@acfr.usyd.edu.au/PycharmProjects/Sam2/sam2/imagenette/mask/masks_applied/n01440764/n01440764_1566_mask_applied.png 对应的 mask！
[00:40:44.614161] ⚠️ 警告: 未找到 /home/ytia0661@acfr.usyd.edu.au/PycharmProjects/Sam2/sam2/imagenette/mask/masks_applied/n01440764/n01440764_1666_mask_applied.png 对应的 mask！
[00:40:44.628753] ⚠️ 警告: 未找到 /home/ytia0661@acfr.usyd.edu.au/PycharmProjects/Sam2/sam2/imagenette/mask/masks_applied/n01440764/n01440764_1973_mask_applied.png 对应的 mask！
[00:40:44.645327] ⚠️ 警告: 未找到 /home/ytia0661@acfr.usyd.edu.au/PycharmProjects/Sam2/sam2/imagenette/mask/masks_applied/n01440764/n01440764_21043_mask_applied.png 对应的 mask！
[00:40:44.645798] ⚠️ 警告: 未找到 /home/ytia0661@acfr.usyd.edu.au/PycharmProjects/Sam2/sam2/imagenette/mask/masks_applied/n01440764/n01440764_21095_mask_applied.png 对应的 mask！
[00:40:44.646277] ⚠️ 警告: 未找到 /home/ytia0661@acfr.usyd.edu.au/PycharmProjects/Sam2/sam2/imagenette/mask/masks_applied/n01440764/n01440764_2117_mask_applied.png 对应的 mask！
