no change     /home/ytia0661@acfr.usyd.edu.au/anaconda3/condabin/conda
no change     /home/ytia0661@acfr.usyd.edu.au/anaconda3/bin/conda
no change     /home/ytia0661@acfr.usyd.edu.au/anaconda3/bin/conda-env
no change     /home/ytia0661@acfr.usyd.edu.au/anaconda3/bin/activate
no change     /home/ytia0661@acfr.usyd.edu.au/anaconda3/bin/deactivate
no change     /home/ytia0661@acfr.usyd.edu.au/anaconda3/etc/profile.d/conda.sh
no change     /home/ytia0661@acfr.usyd.edu.au/anaconda3/etc/fish/conf.d/conda.fish
no change     /home/ytia0661@acfr.usyd.edu.au/anaconda3/shell/condabin/Conda.psm1
no change     /home/ytia0661@acfr.usyd.edu.au/anaconda3/shell/condabin/conda-hook.ps1
no change     /home/ytia0661@acfr.usyd.edu.au/anaconda3/lib/python3.12/site-packages/xontrib/conda.xsh
no change     /home/ytia0661@acfr.usyd.edu.au/anaconda3/etc/profile.d/conda.csh
no change     /home/ytia0661@acfr.usyd.edu.au/.bashrc
No action taken.
no change     /home/ytia0661@acfr.usyd.edu.au/anaconda3/condabin/conda
no change     /home/ytia0661@acfr.usyd.edu.au/anaconda3/bin/conda
no change     /home/ytia0661@acfr.usyd.edu.au/anaconda3/bin/conda-env
no change     /home/ytia0661@acfr.usyd.edu.au/anaconda3/bin/activate
no change     /home/ytia0661@acfr.usyd.edu.au/anaconda3/bin/deactivate
no change     /home/ytia0661@acfr.usyd.edu.au/anaconda3/etc/profile.d/conda.sh
no change     /home/ytia0661@acfr.usyd.edu.au/anaconda3/etc/fish/conf.d/conda.fish
no change     /home/ytia0661@acfr.usyd.edu.au/anaconda3/shell/condabin/Conda.psm1
no change     /home/ytia0661@acfr.usyd.edu.au/anaconda3/shell/condabin/conda-hook.ps1
no change     /home/ytia0661@acfr.usyd.edu.au/anaconda3/lib/python3.12/site-packages/xontrib/conda.xsh
no change     /home/ytia0661@acfr.usyd.edu.au/anaconda3/etc/profile.d/conda.csh
no change     /home/ytia0661@acfr.usyd.edu.au/.bashrc
No action taken.
[1;34mwandb[0m: 
[1;34mwandb[0m: 🚀 View run [33mMAE_imagenette_bs256_epoch600_withevaluate[0m at: [34mhttps://wandb.ai/visual-intelligence-laboratory/MInM/runs/gant2s9d[0m
[1;34mwandb[0m: Find logs at: [1;35mwandb/run-20250221_164036-gant2s9d/logs[0m
