no change     /home/ytia0661@acfr.usyd.edu.au/anaconda3/condabin/conda
no change     /home/ytia0661@acfr.usyd.edu.au/anaconda3/bin/conda
no change     /home/ytia0661@acfr.usyd.edu.au/anaconda3/bin/conda-env
no change     /home/ytia0661@acfr.usyd.edu.au/anaconda3/bin/activate
no change     /home/ytia0661@acfr.usyd.edu.au/anaconda3/bin/deactivate
no change     /home/ytia0661@acfr.usyd.edu.au/anaconda3/etc/profile.d/conda.sh
no change     /home/ytia0661@acfr.usyd.edu.au/anaconda3/etc/fish/conf.d/conda.fish
no change     /home/ytia0661@acfr.usyd.edu.au/anaconda3/shell/condabin/Conda.psm1
no change     /home/ytia0661@acfr.usyd.edu.au/anaconda3/shell/condabin/conda-hook.ps1
no change     /home/ytia0661@acfr.usyd.edu.au/anaconda3/lib/python3.12/site-packages/xontrib/conda.xsh
no change     /home/ytia0661@acfr.usyd.edu.au/anaconda3/etc/profile.d/conda.csh
no change     /home/ytia0661@acfr.usyd.edu.au/.bashrc
No action taken.
no change     /home/ytia0661@acfr.usyd.edu.au/anaconda3/condabin/conda
no change     /home/ytia0661@acfr.usyd.edu.au/anaconda3/bin/conda
no change     /home/ytia0661@acfr.usyd.edu.au/anaconda3/bin/conda-env
no change     /home/ytia0661@acfr.usyd.edu.au/anaconda3/bin/activate
no change     /home/ytia0661@acfr.usyd.edu.au/anaconda3/bin/deactivate
no change     /home/ytia0661@acfr.usyd.edu.au/anaconda3/etc/profile.d/conda.sh
no change     /home/ytia0661@acfr.usyd.edu.au/anaconda3/etc/fish/conf.d/conda.fish
no change     /home/ytia0661@acfr.usyd.edu.au/anaconda3/shell/condabin/Conda.psm1
no change     /home/ytia0661@acfr.usyd.edu.au/anaconda3/shell/condabin/conda-hook.ps1
no change     /home/ytia0661@acfr.usyd.edu.au/anaconda3/lib/python3.12/site-packages/xontrib/conda.xsh
no change     /home/ytia0661@acfr.usyd.edu.au/anaconda3/etc/profile.d/conda.csh
no change     /home/ytia0661@acfr.usyd.edu.au/.bashrc
No action taken.
| distributed init (rank 0): env://, gpu 0
| distributed init (rank 1): env://, gpu 1
[13:52:03.175776] job dir: /home/ytia0661@acfr.usyd.edu.au/PycharmProjects/MAE/mae
[13:52:03.176362] Namespace(batch_size=512,
epochs=400,
accum_iter=1,
model='mae_vit_large_patch16',
input_size=224,
mask_ratio=0.75,
norm_pix_loss=False,
weight_decay=0.05,
lr=None,
blr=0.001,
min_lr=0.0,
warmup_epochs=40,
data_path='/home/ytia0661@acfr.usyd.edu.au/PycharmProjects/Sam2/sam2/imagenette',
output_dir='output_dir3',
log_dir='output_dir3',
device='cuda',
seed=0,
resume='',
start_epoch=0,
num_workers=10,
pin_mem=True,
world_size=2,
local_rank=-1,
dist_on_itp=False,
dist_url='env://',
rank=0,
gpu=0,
distributed=True,
dist_backend='nccl')
[13:52:03.223531] Dataset ImageFolder
    Number of datapoints: 9469
    Root location: /home/ytia0661@acfr.usyd.edu.au/PycharmProjects/Sam2/sam2/imagenette/train
    StandardTransform
Transform: Compose(
               RandomResizedCrop(size=(224, 224), scale=(0.2, 1.0), ratio=(0.75, 1.3333), interpolation=bicubic, antialias=True)
               RandomHorizontalFlip(p=0.5)
               ToTensor()
               Normalize(mean=[0.485, 0.456, 0.406], std=[0.229, 0.224, 0.225])
           )
[13:52:03.224448] Sampler_train = <torch.utils.data.distributed.DistributedSampler object at 0x72be43dfd3d0>
[13:52:06.432836] Model = MaskedAutoencoderViT(
  (patch_embed): PatchEmbed(
    (proj): Conv2d(3, 1024, kernel_size=(16, 16), stride=(16, 16))
  )
  (blocks): ModuleList(
    (0-23): 24 x Block(
      (norm1): LayerNorm((1024,), eps=1e-06, elementwise_affine=True)
      (attn): Attention(
        (qkv): Linear(in_features=1024, out_features=3072, bias=True)
        (attn_drop): Dropout(p=0.0, inplace=False)
        (proj): Linear(in_features=1024, out_features=1024, bias=True)
        (proj_drop): Dropout(p=0.0, inplace=False)
      )
      (drop_path): Identity()
      (norm2): LayerNorm((1024,), eps=1e-06, elementwise_affine=True)
      (mlp): Mlp(
        (fc1): Linear(in_features=1024, out_features=4096, bias=True)
        (act): GELU(approximate='none')
        (fc2): Linear(in_features=4096, out_features=1024, bias=True)
        (drop): Dropout(p=0.0, inplace=False)
      )
    )
  )
  (norm): LayerNorm((1024,), eps=1e-06, elementwise_affine=True)
  (decoder_embed): Linear(in_features=1024, out_features=512, bias=True)
  (decoder_blocks): ModuleList(
    (0-7): 8 x Block(
      (norm1): LayerNorm((512,), eps=1e-06, elementwise_affine=True)
      (attn): Attention(
        (qkv): Linear(in_features=512, out_features=1536, bias=True)
        (attn_drop): Dropout(p=0.0, inplace=False)
        (proj): Linear(in_features=512, out_features=512, bias=True)
        (proj_drop): Dropout(p=0.0, inplace=False)
      )
      (drop_path): Identity()
      (norm2): LayerNorm((512,), eps=1e-06, elementwise_affine=True)
      (mlp): Mlp(
        (fc1): Linear(in_features=512, out_features=2048, bias=True)
        (act): GELU(approximate='none')
        (fc2): Linear(in_features=2048, out_features=512, bias=True)
        (drop): Dropout(p=0.0, inplace=False)
      )
    )
  )
  (decoder_norm): LayerNorm((512,), eps=1e-06, elementwise_affine=True)
  (decoder_pred): Linear(in_features=512, out_features=768, bias=True)
)
[13:52:06.433227] base lr: 1.00e-03
[13:52:06.433340] actual lr: 4.00e-03
[13:52:06.433418] accumulate grad iterations: 1
[13:52:06.433524] effective batch size: 1024
[13:52:06.452174] AdamW (
Parameter Group 0
    amsgrad: False
    betas: (0.9, 0.95)
    capturable: False
    differentiable: False
    eps: 1e-08
    foreach: None
    fused: None
    lr: 0.004
    maximize: False
    weight_decay: 0.0

Parameter Group 1
    amsgrad: False
    betas: (0.9, 0.95)
    capturable: False
    differentiable: False
    eps: 1e-08
    foreach: None
    fused: None
    lr: 0.004
    maximize: False
    weight_decay: 0.05
)
[13:52:06.452889] Start training for 400 epochs
[13:52:06.454616] log_dir: output_dir3
[13:52:19.350345] Epoch: [0]  [0/9]  eta: 0:01:56  lr: 0.000000  loss: 2.2737 (2.2737)  time: 12.8950  data: 10.0630  max mem: 59914
[13:52:23.304773] Epoch: [0]  [8/9]  eta: 0:00:01  lr: 0.000089  loss: 1.8717 (1.9542)  time: 1.8720  data: 1.1182  max mem: 62462
[13:52:23.442246] Epoch: [0] Total time: 0:00:16 (1.8875 s / it)
[13:52:23.443263] Averaged stats: lr: 0.000089  loss: 1.8717 (1.9520)
[13:52:23.450877] log_dir: output_dir3
[13:52:33.565486] Epoch: [1]  [0/9]  eta: 0:01:31  lr: 0.000100  loss: 1.5479 (1.5479)  time: 10.1139  data: 9.6287  max mem: 62462
[13:52:37.500208] Epoch: [1]  [8/9]  eta: 0:00:01  lr: 0.000189  loss: 1.4889 (1.4995)  time: 1.5609  data: 1.0699  max mem: 62462
[13:52:37.641527] Epoch: [1] Total time: 0:00:14 (1.5767 s / it)
[13:52:37.642457] Averaged stats: lr: 0.000189  loss: 1.4889 (1.5014)
[13:52:37.648599] log_dir: output_dir3
[13:52:47.036247] Epoch: [2]  [0/9]  eta: 0:01:24  lr: 0.000200  loss: 1.4039 (1.4039)  time: 9.3867  data: 8.8879  max mem: 62462
[13:52:51.232231] Epoch: [2]  [8/9]  eta: 0:00:01  lr: 0.000289  loss: 1.3445 (1.3721)  time: 1.5091  data: 1.0168  max mem: 62462
[13:52:51.377514] Epoch: [2] Total time: 0:00:13 (1.5254 s / it)
[13:52:51.387964] Averaged stats: lr: 0.000289  loss: 1.3445 (1.3624)
[13:52:51.394174] log_dir: output_dir3
[13:53:01.329017] Epoch: [3]  [0/9]  eta: 0:01:29  lr: 0.000300  loss: 1.3002 (1.3002)  time: 9.9341  data: 9.4488  max mem: 62462
[13:53:05.270447] Epoch: [3]  [8/9]  eta: 0:00:01  lr: 0.000389  loss: 1.2502 (1.2595)  time: 1.5416  data: 1.0499  max mem: 62462
[13:53:05.412194] Epoch: [3] Total time: 0:00:14 (1.5575 s / it)
[13:53:05.413134] Averaged stats: lr: 0.000389  loss: 1.2502 (1.2595)
[13:53:05.419231] log_dir: output_dir3
[13:53:15.377445] Epoch: [4]  [0/9]  eta: 0:01:29  lr: 0.000400  loss: 1.2243 (1.2243)  time: 9.9575  data: 9.4029  max mem: 62462
[13:53:19.328080] Epoch: [4]  [8/9]  eta: 0:00:01  lr: 0.000489  loss: 1.2666 (1.2641)  time: 1.5452  data: 1.0448  max mem: 62462
[13:53:19.470082] Epoch: [4] Total time: 0:00:14 (1.5612 s / it)
[13:53:19.471000] Averaged stats: lr: 0.000489  loss: 1.2666 (1.2604)
