no change     /home/ytia0661@acfr.usyd.edu.au/anaconda3/condabin/conda
no change     /home/ytia0661@acfr.usyd.edu.au/anaconda3/bin/conda
no change     /home/ytia0661@acfr.usyd.edu.au/anaconda3/bin/conda-env
no change     /home/ytia0661@acfr.usyd.edu.au/anaconda3/bin/activate
no change     /home/ytia0661@acfr.usyd.edu.au/anaconda3/bin/deactivate
no change     /home/ytia0661@acfr.usyd.edu.au/anaconda3/etc/profile.d/conda.sh
no change     /home/ytia0661@acfr.usyd.edu.au/anaconda3/etc/fish/conf.d/conda.fish
no change     /home/ytia0661@acfr.usyd.edu.au/anaconda3/shell/condabin/Conda.psm1
no change     /home/ytia0661@acfr.usyd.edu.au/anaconda3/shell/condabin/conda-hook.ps1
no change     /home/ytia0661@acfr.usyd.edu.au/anaconda3/lib/python3.12/site-packages/xontrib/conda.xsh
no change     /home/ytia0661@acfr.usyd.edu.au/anaconda3/etc/profile.d/conda.csh
no change     /home/ytia0661@acfr.usyd.edu.au/.bashrc
No action taken.
no change     /home/ytia0661@acfr.usyd.edu.au/anaconda3/condabin/conda
no change     /home/ytia0661@acfr.usyd.edu.au/anaconda3/bin/conda
no change     /home/ytia0661@acfr.usyd.edu.au/anaconda3/bin/conda-env
no change     /home/ytia0661@acfr.usyd.edu.au/anaconda3/bin/activate
no change     /home/ytia0661@acfr.usyd.edu.au/anaconda3/bin/deactivate
no change     /home/ytia0661@acfr.usyd.edu.au/anaconda3/etc/profile.d/conda.sh
no change     /home/ytia0661@acfr.usyd.edu.au/anaconda3/etc/fish/conf.d/conda.fish
no change     /home/ytia0661@acfr.usyd.edu.au/anaconda3/shell/condabin/Conda.psm1
no change     /home/ytia0661@acfr.usyd.edu.au/anaconda3/shell/condabin/conda-hook.ps1
no change     /home/ytia0661@acfr.usyd.edu.au/anaconda3/lib/python3.12/site-packages/xontrib/conda.xsh
no change     /home/ytia0661@acfr.usyd.edu.au/anaconda3/etc/profile.d/conda.csh
no change     /home/ytia0661@acfr.usyd.edu.au/.bashrc
No action taken.
Fri Feb 21 16:45:04 2025       
+-----------------------------------------------------------------------------------------+
| NVIDIA-SMI 550.120                Driver Version: 550.120        CUDA Version: 12.4     |
|-----------------------------------------+------------------------+----------------------+
| GPU  Name                 Persistence-M | Bus-Id          Disp.A | Volatile Uncorr. ECC |
| Fan  Temp   Perf          Pwr:Usage/Cap |           Memory-Usage | GPU-Util  Compute M. |
|                                         |                        |               MIG M. |
|=========================================+========================+======================|
|   0  NVIDIA H100 NVL                Off |   00000000:61:00.0 Off |                    0 |
| N/A   37C    P0             61W /  400W |      14MiB /  95830MiB |      0%      Default |
|                                         |                        |             Disabled |
+-----------------------------------------+------------------------+----------------------+
|   1  NVIDIA H100 NVL                Off |   00000000:E1:00.0 Off |                    0 |
| N/A   34C    P0             60W /  400W |      14MiB /  95830MiB |      0%      Default |
|                                         |                        |             Disabled |
+-----------------------------------------+------------------------+----------------------+
                                                                                         
+-----------------------------------------------------------------------------------------+
| Processes:                                                                              |
|  GPU   GI   CI        PID   Type   Process name                              GPU Memory |
|        ID   ID                                                               Usage      |
|=========================================================================================|
|    0   N/A  N/A      2695      G   /usr/lib/xorg/Xorg                              4MiB |
|    1   N/A  N/A      2695      G   /usr/lib/xorg/Xorg                              4MiB |
+-----------------------------------------------------------------------------------------+
job dir: /home/ytia0661@acfr.usyd.edu.au/PycharmProjects/MAE/mae
Namespace(batch_size=256,
epochs=400,
accum_iter=1,
model='mae_vit_large_patch16',
input_size=224,
mask_ratio=0.75,
norm_pix_loss=False,
weight_decay=0.05,
lr=None,
blr=0.001,
min_lr=0.0,
warmup_epochs=40,
data_path='/home/ytia0661@acfr.usyd.edu.au/PycharmProjects/Sam2/sam2/imagenette',
patch_mask_path='/home/ytia0661@acfr.usyd.edu.au/PycharmProjects/Sam2/sam2/imagenette/mask',
output_dir='output_dir5',
log_dir='output_dir5',
device='cuda',
seed=0,
resume='',
start_epoch=0,
num_workers=10,
pin_mem=True,
world_size=1,
local_rank=-1,
dist_on_itp=False,
dist_url='env://',
distributed=False)
<__main__.MaskedDataset object at 0x752f7573af30>
[1;34mwandb[0m: 
[1;34mwandb[0m: 🚀 View run [33mMAE_imagenette_bs256_epoch400_noevaluate_sam[0m at: [34mhttps://wandb.ai/visual-intelligence-laboratory/MInM/runs/j2gb62br[0m
[1;34mwandb[0m: Find logs at: [1;35mwandb/run-20250221_164516-j2gb62br/logs[0m
